<?xml version="1.0" encoding="UTF-8"?>
<testsuite xmlns:xsi="http://www.w3.org/2001/XMLSchema-instance" xsi:noNamespaceSchemaLocation="https://maven.apache.org/surefire/maven-failsafe-plugin/xsd/failsafe-test-report-3.0.xsd" version="3.0" name="Select of the trips" time="73.368" tests="1" errors="0" skipped="0" failures="0">
  <properties>
[...]
</properties>
  <testcase name="Choose the trip alone outbound" classname="Select of the trips" time="73.368">
    <system-out><![CDATA[14:09:22.840 [main] INFO  i.c.core.plugin.SerenityReporter - Running feature from file:///C:/Users/usuario/eclipse-workspace2020/test.tata/src/test/resources/features/SelectTrips.feature

14:09:23.295 [main] INFO   - &amp#27;[96m

-------------------------------------------------------------------------------------
     _______. _______ .______       _______ .__   __.  __  .___________.____    ____ 
    /       ||   ____||   _  \     |   ____||  \ |  | |  | |           |\   \  /   / 
   |   (----`|  |__   |  |_)  |    |  |__   |   \|  | |  | `---|  |----` \   \/   /  
    \   \    |   __|  |      /     |   __|  |  . `  | |  |     |  |       \_    _/   
.----)   |   |  |____ |  |\  \----.|  |____ |  |\   | |  |     |  |         |  |     
|_______/    |_______|| _| `._____||_______||__| \__| |__|     |__|         |__|    
                                                                                     
 News and tutorials at http://www.serenity-bdd.info                                  
 Documentation at https://wakaleo.gitbooks.io/the-serenity-book/content/             
 Join the Serenity Community on Gitter: https://gitter.im/serenity-bdd/serenity-core 
 Serenity BDD Support and Training at http://serenity-bdd.info/#/trainingandsupport  
-------------------------------------------------------------------------------------
&amp#27;[0m

14:09:23.305 [main] INFO   - Test Suite Started: Select of the trips



1
 Scenarios (
1 passed
)


5
 Steps (
5 passed
)


1m
13,912s






14:10:36.949 [pool-2-thread-1] INFO  n.t.core.reports.ReportService - net.thucydides.core.reports.json.JSONTestOutcomeReporter@119f1f2a: Generating report for test outcome: Select of the trips:Choose the trip alone outbound

14:10:37.055 [pool-3-thread-1] INFO  n.t.core.reports.ReportService - net.thucydides.core.reports.html.HtmlAcceptanceTestReporter@21694e53: Generating report for test outcome: Select of the trips:Choose the trip alone outbound

14:10:47.298 [main] INFO  i.c.core.plugin.SerenityReporter - Cleanup test resources for URI file:///C:/Users/usuario/eclipse-workspace2020/test.tata/src/test/resources/features/SelectTrips.feature


@smoke @SelectOutboundTrip
Scenario: Choose the trip alone outbound                             # src/test/resources/features/SelectTrips.feature:10
14:09:23.681 [pool-2-thread-1] INFO  i.c.core.plugin.SerenityReporter - Running feature from file:///C:/Users/usuario/eclipse-workspace2020/test.tata/src/test/resources/features/SelectTrips.feature
14:09:23.841 [pool-2-thread-1] INFO   - 
  _____   ___   ___   _____     ___   _____     _     ___   _____   ___   ___  
 |_   _| | __| / __| |_   _|   / __| |_   _|   /_\   | _ \ |_   _| | __| |   \ 
   | |   | _|  \__ \   | |     \__ \   | |    / _ \  |   /   | |   | _|  | |) |
   |_|   |___| |___/   |_|     |___/   |_|   /_/ \_\ |_|_\   |_|   |___| |___/ 

Choose the trip alone outbound(select-of-the-trips;choose-the-trip-alone-outbound)
--------------------------------------------------------------------------------
14:09:25.290 [pool-2-thread-1] INFO  n.s.c.w.d.ChromeDriverProvider - Using automatically driver download
14:09:26.196 [pool-2-thread-1] INFO  i.g.bonigarcia.wdm.WebDriverManager - Using chromedriver 90.0.4430.24 (resolved driver for Chrome 90)
14:09:26.207 [pool-2-thread-1] INFO  i.g.bonigarcia.wdm.WebDriverManager - Exporting webdriver.chrome.driver as C:\Users\usuario\.cache\selenium\chromedriver\win32\90.0.4430.24\chromedriver.exe
14:09:27.234 [pool-2-thread-1] INFO  n.s.c.w.d.ProvideNewDriver - Instantiating driver
14:09:27.236 [pool-2-thread-1] INFO  n.s.c.w.d.ProvideNewDriver - Driver capabilities: Capabilities {acceptInsecureCerts: false, browserName: chrome, chrome.switches: --start-maximized;--enable-..., goog:chromeOptions: {args: [--start-maximized, --enable-automation, --no-sandbox, --disable-gpu-sandbox], extensions: []}, loggingPrefs: org.openqa.selenium.logging...}
  Given the actor "traveler" go to the main page                     # com.test.avianca.test.tata.stepdefinitions.StepsTrips.the_actor_go_to_the_main_page(java.lang.String)
  Given the origin "MedellÃ­n" and the destination "Cartagena"        # com.test.avianca.test.tata.stepdefinitions.StepsTrips.the_origin_and_the_destination(java.lang.String,java.lang.String)
  And the number of adults 2 children 1 and babies 1                 # com.test.avianca.test.tata.stepdefinitions.StepsTrips.the_number_of_adults_children_and_babies(java.lang.Integer,java.lang.Integer,java.lang.Integer)
  When selecting options for the current day's flight                # com.test.avianca.test.tata.stepdefinitions.StepsTrips.selecting_options_for_the_current_day_s_flight()
number here ->> 11
  Then validate which number of options to select is greater than 11 # com.test.avianca.test.tata.stepdefinitions.StepsTrips.validate_which_number_of_options_to_select_is_greater_than_zero(java.lang.Integer)
14:10:36.729 [pool-2-thread-1] INFO   - &amp#27;[92m
  _____   ___   ___   _____     ___     _     ___   ___   ___   ___  
 |_   _| | __| / __| |_   _|   | _ \   /_\   / __| / __| | __| |   \ 
   | |   | _|  \__ \   | |     |  _/  / _ \  \__ \ \__ \ | _|  | |) |
   |_|   |___| |___/   |_|     |_|   /_/ \_\ |___/ |___/ |___| |___/ 

Choose the trip alone outbound
----------------------------------------------------------------------&amp#27;[0m
]]></system-out>
    <system-err><![CDATA[Starting ChromeDriver 90.0.4430.24 (4c6d850f087da467d926e8eddb76550aed655991-refs/branch-heads/4430@{#429}) on port 35372
Only local connections are allowed.
Please see https://chromedriver.chromium.org/security-considerations for suggestions on keeping ChromeDriver safe.
ChromeDriver was started successfully.
may 11, 2021 2:09:28 PM org.openqa.selenium.remote.ProtocolHandshake createSession
INFORMACIÓN: Detected dialect: W3C
]]></system-err>
  </testcase>
</testsuite>